<?xml version="1.0" encoding="UTF-8"?>
<!-- Generated by org.testng.reporters.JUnitReportReporter -->
<testsuite hostname="DESKTOP-NIPPIU2" name="TestNGFramework.DisablingTestScript" tests="4" failures="0" timestamp="15 Jun 2021 15:15:19 GMT" time="0.025" errors="0">
  <testcase name="F3" time="0.015" classname="TestNGFramework.DisablingTestScript"/>
  <testcase name="F2" time="0.002" classname="TestNGFramework.DisablingTestScript"/>
  <testcase name="F4" time="0.003" classname="TestNGFramework.DisablingTestScript"/>
  <testcase name="F1" time="0.005" classname="TestNGFramework.DisablingTestScript"/>
</testsuite> <!-- TestNGFramework.DisablingTestScript -->
