<?xml version="1.0" encoding="UTF-8"?>
<!-- Generated by org.testng.reporters.JUnitReportReporter -->
<testsuite hostname="DESKTOP-NIPPIU2" name="TestNGFramework.ThreadSleep" tests="2" failures="0" timestamp="21 Jun 2021 15:34:33 GMT" time="17.915" errors="0">
  <testcase name="a_PageLoad" time="13.297" classname="TestNGFramework.ThreadSleep"/>
  <testcase name="b_enter" time="4.618" classname="TestNGFramework.ThreadSleep"/>
</testsuite> <!-- TestNGFramework.ThreadSleep -->
