<?xml version="1.0" encoding="UTF-8"?>
<!-- Generated by org.testng.reporters.JUnitReportReporter -->
<testsuite hostname="DESKTOP-NIPPIU2" name="TestNGFramework.PharmacyTestNG" tests="3" failures="0" timestamp="15 Jun 2021 20:30:59 GMT" time="36.609" errors="0">
  <testcase name="b_selectRegister" time="9.275" classname="TestNGFramework.PharmacyTestNG"/>
  <testcase name="c_registerPatien" time="4.589" classname="TestNGFramework.PharmacyTestNG"/>
  <testcase name="a_loginScript" time="22.745" classname="TestNGFramework.PharmacyTestNG"/>
</testsuite> <!-- TestNGFramework.PharmacyTestNG -->
