<?xml version="1.0" encoding="UTF-8"?>
<!-- Generated by org.testng.reporters.JUnitReportReporter -->
<testsuite hostname="DESKTOP-NIPPIU2" name="TestNGFramework.TutorialTestNG" tests="3" failures="0" timestamp="15 Jun 2021 04:54:37 GMT" time="18.540" errors="0">
  <testcase name="a_loginPage" time="12.979" classname="TestNGFramework.TutorialTestNG"/>
  <testcase name="c_removerCart" time="2.267" classname="TestNGFramework.TutorialTestNG"/>
  <testcase name="b_addCart" time="3.294" classname="TestNGFramework.TutorialTestNG"/>
</testsuite> <!-- TestNGFramework.TutorialTestNG -->
