<?xml version="1.0" encoding="UTF-8"?>
<!-- Generated by org.testng.reporters.JUnitReportReporter -->
<testsuite hostname="DESKTOP-NIPPIU2" name="TestNGFramework.PageLoad" tests="2" failures="0" timestamp="21 Jun 2021 16:03:29 GMT" time="24.630" errors="0">
  <testcase name="b_enter" time="14.433" classname="TestNGFramework.PageLoad"/>
  <testcase name="a_PageLoad" time="10.197" classname="TestNGFramework.PageLoad"/>
</testsuite> <!-- TestNGFramework.PageLoad -->
