<?xml version="1.0" encoding="UTF-8"?>
<!-- Generated by org.testng.reporters.JUnitReportReporter -->
<testsuite hostname="DESKTOP-NIPPIU2" name="TestNGFramework.tutorial1TestNG" tests="2" failures="0" timestamp="16 Jun 2021 15:09:01 GMT" time="17.260" errors="0">
  <testcase name="a_serachLap" time="16.628" classname="TestNGFramework.tutorial1TestNG"/>
  <testcase name="b_printConsole" time="0.632" classname="TestNGFramework.tutorial1TestNG"/>
</testsuite> <!-- TestNGFramework.tutorial1TestNG -->
