<?xml version="1.0" encoding="UTF-8"?>
<!-- Generated by org.testng.reporters.JUnitReportReporter -->
<testsuite hostname="DESKTOP-NIPPIU2" name="TestNGFramework.VerificaionCommands" tests="2" failures="0" timestamp="20 Jun 2021 14:58:31 GMT" time="43.331" errors="0">
  <testcase name="a_PageLoad" time="39.653" classname="TestNGFramework.VerificaionCommands"/>
  <testcase name="b_roundTrip" time="3.678" classname="TestNGFramework.VerificaionCommands"/>
</testsuite> <!-- TestNGFramework.VerificaionCommands -->
