<?xml version="1.0" encoding="UTF-8"?>
<!-- Generated by org.testng.reporters.JUnitReportReporter -->
<testsuite hostname="DESKTOP-NIPPIU2" name="TestNGFramework.ImplicitWait" tests="2" failures="0" timestamp="21 Jun 2021 15:45:37 GMT" time="23.099" errors="0">
  <testcase name="b_enter" time="14.465" classname="TestNGFramework.ImplicitWait"/>
  <testcase name="a_PageLoad" time="8.634" classname="TestNGFramework.ImplicitWait"/>
</testsuite> <!-- TestNGFramework.ImplicitWait -->
