<?xml version="1.0" encoding="UTF-8"?>
<!-- Generated by org.testng.reporters.JUnitReportReporter -->
<testsuite hostname="DESKTOP-NIPPIU2" name="TestNGFramework.JpetTestNG" tests="3" failures="0" timestamp="16 Jun 2021 15:22:34 GMT" time="17.735" errors="0">
  <testcase name="profileInfo" time="2.906" classname="TestNGFramework.JpetTestNG"/>
  <testcase name="accountInfo" time="1.217" classname="TestNGFramework.JpetTestNG"/>
  <testcase name="loginPage" time="13.612" classname="TestNGFramework.JpetTestNG"/>
</testsuite> <!-- TestNGFramework.JpetTestNG -->
