<?xml version="1.0" encoding="UTF-8"?>
<!-- Generated by org.testng.reporters.JUnitReportReporter -->
<testsuite hostname="DESKTOP-NIPPIU2" name="TestNGFramework.SauceTestNG" tests="2" failures="0" timestamp="16 Jun 2021 15:22:34 GMT" time="8.561" errors="0">
  <testcase name="a_loginPage" time="8.106" classname="TestNGFramework.SauceTestNG"/>
  <testcase name="b_logoutPage" time="0.455" classname="TestNGFramework.SauceTestNG"/>
</testsuite> <!-- TestNGFramework.SauceTestNG -->
