<?xml version="1.0" encoding="UTF-8"?>
<!-- Generated by org.testng.reporters.JUnitReportReporter -->
<testsuite hostname="DESKTOP-NIPPIU2" name="TestNGFramework.TutorialninjaTestNG" tests="3" failures="0" timestamp="13 Jun 2021 22:12:33 GMT" time="16.514" errors="0">
  <testcase name="passWord" time="0.499" classname="TestNGFramework.TutorialninjaTestNG"/>
  <testcase name="newLetter" time="1.238" classname="TestNGFramework.TutorialninjaTestNG"/>
  <testcase name="loginPage" time="14.777" classname="TestNGFramework.TutorialninjaTestNG"/>
</testsuite> <!-- TestNGFramework.TutorialninjaTestNG -->
